app/build/intermediates/manifest_merge_blame_file/debug/manifest-merger-blame-debug-report.txt
1<?xml version="1.0" encoding="utf-8"?>
2<manifest xmlns:android="http://schemas.android.com/apk/res/android"
3    package="com.firstems.erp"
4    android:versionCode="1"
5    android:versionName="1.0" >
6
7    <uses-sdk
7-->src\main\AndroidManifest.xml:6:5-73
8        android:minSdkVersion="21"
8-->src\main\AndroidManifest.xml:6:5-73
9        android:targetSdkVersion="30" />
9-->src\main\AndroidManifest.xml:6:5-73
10
11    <uses-permission android:name="android.permission.CALL_PHONE" />
11-->src\main\AndroidManifest.xml:8:5-69
11-->src\main\AndroidManifest.xml:8:22-66
12    <uses-permission android:name="android.permission.ACCESS_NETWORK_STATE" />
12-->src\main\AndroidManifest.xml:9:5-79
12-->src\main\AndroidManifest.xml:9:22-76
13    <uses-permission android:name="android.permission.INTERNET" />
13-->src\main\AndroidManifest.xml:10:5-67
13-->src\main\AndroidManifest.xml:10:22-64
14    <uses-permission android:name="android.permission.WRITE_EXTERNAL_STORAGE" />
14-->src\main\AndroidManifest.xml:11:5-81
14-->src\main\AndroidManifest.xml:11:22-78
15    <uses-permission android:name="android.permission.READ_EXTERNAL_STORAGE" />
15-->src\main\AndroidManifest.xml:12:5-80
15-->src\main\AndroidManifest.xml:12:22-77
16    <uses-permission android:name="android.permission.VIBRATE" />
16-->src\main\AndroidManifest.xml:13:5-66
16-->src\main\AndroidManifest.xml:13:22-63
17    <uses-permission android:name="android.permission.GET_TASKS" />
17-->src\main\AndroidManifest.xml:14:5-68
17-->src\main\AndroidManifest.xml:14:22-65
18    <uses-permission android:name="android.permission.ACCESS_WIFI_STATE" />
18-->src\main\AndroidManifest.xml:15:5-76
18-->src\main\AndroidManifest.xml:15:22-73
19    <uses-permission android:name="android.permission.CAMERA" />
19-->src\main\AndroidManifest.xml:16:5-65
19-->src\main\AndroidManifest.xml:16:22-62
20
21    <application
21-->src\main\AndroidManifest.xml:18:5-42:19
22        android:name="com.firstems.erp.common.MyApplication"
22-->src\main\AndroidManifest.xml:19:9-45
23        android:allowBackup="true"
23-->src\main\AndroidManifest.xml:20:9-35
24        android:appComponentFactory="androidx.core.app.CoreComponentFactory"
24-->[androidx.core:core:1.3.2] AndroidManifest.xml:24:18-86
25        android:debuggable="true"
26        android:icon="@mipmap/ic_launcher"
26-->src\main\AndroidManifest.xml:21:9-43
27        android:label="@string/app_name"
27-->src\main\AndroidManifest.xml:22:9-41
28        android:networkSecurityConfig="@xml/network_security_config"
28-->src\main\AndroidManifest.xml:23:9-69
29        android:requestLegacyExternalStorage="true"
29-->src\main\AndroidManifest.xml:24:9-52
30        android:roundIcon="@mipmap/ic_launcher_round"
30-->src\main\AndroidManifest.xml:25:9-54
31        android:supportsRtl="true"
31-->src\main\AndroidManifest.xml:26:9-35
32        android:testOnly="true"
33        android:theme="@style/AppTheme" >
33-->src\main\AndroidManifest.xml:27:9-40
34        <activity android:name="com.firstems.erp.ui.activity.SelectCompanyActivity" />
34-->src\main\AndroidManifest.xml:28:9-80
34-->src\main\AndroidManifest.xml:28:19-68
35        <activity android:name="com.firstems.erp.ui.activity.LoadingActivity" >
35-->src\main\AndroidManifest.xml:29:9-35:20
35-->src\main\AndroidManifest.xml:29:19-62
36            <intent-filter>
36-->src\main\AndroidManifest.xml:30:13-34:29
37                <action android:name="android.intent.action.MAIN" />
37-->src\main\AndroidManifest.xml:31:17-69
37-->src\main\AndroidManifest.xml:31:25-66
38
39                <category android:name="android.intent.category.LAUNCHER" />
39-->src\main\AndroidManifest.xml:33:17-77
39-->src\main\AndroidManifest.xml:33:27-74
40            </intent-filter>
41        </activity>
42        <activity
42-->src\main\AndroidManifest.xml:36:9-40:20
43            android:name="com.firstems.erp.ui.activity.LoginActivity"
43-->src\main\AndroidManifest.xml:37:13-54
44            android:theme="@style/BaseTheme" >
44-->src\main\AndroidManifest.xml:38:13-45
45        </activity>
46        <activity android:name="com.firstems.erp.MainActivity" />
46-->src\main\AndroidManifest.xml:41:9-50
46-->src\main\AndroidManifest.xml:41:19-47
47        <activity
47-->[pub.devrel:easypermissions:3.0.0] AndroidManifest.xml:12:9-16:66
48            android:name="pub.devrel.easypermissions.AppSettingsDialogHolderActivity"
48-->[pub.devrel:easypermissions:3.0.0] AndroidManifest.xml:13:13-86
49            android:exported="false"
49-->[pub.devrel:easypermissions:3.0.0] AndroidManifest.xml:14:13-37
50            android:label=""
50-->[pub.devrel:easypermissions:3.0.0] AndroidManifest.xml:15:13-29
51            android:theme="@style/EasyPermissions.Transparent" />
51-->[pub.devrel:easypermissions:3.0.0] AndroidManifest.xml:16:13-63
52        <activity
52-->[com.droidninja:filepicker:2.2.4] AndroidManifest.xml:18:9-20:62
53            android:name="droidninja.filepicker.FilePickerActivity"
53-->[com.droidninja:filepicker:2.2.4] AndroidManifest.xml:19:13-68
54            android:configChanges="orientation|screenSize" />
54-->[com.droidninja:filepicker:2.2.4] AndroidManifest.xml:20:13-59
55        <activity
55-->[com.droidninja:filepicker:2.2.4] AndroidManifest.xml:21:9-23:62
56            android:name="droidninja.filepicker.MediaDetailsActivity"
56-->[com.droidninja:filepicker:2.2.4] AndroidManifest.xml:22:13-70
57            android:configChanges="orientation|screenSize" />
57-->[com.droidninja:filepicker:2.2.4] AndroidManifest.xml:23:13-59
58
59        <provider
59-->[com.droidninja:filepicker:2.2.4] AndroidManifest.xml:25:9-33:20
60            android:name="droidninja.filepicker.utils.FilePickerProvider"
60-->[com.droidninja:filepicker:2.2.4] AndroidManifest.xml:26:13-74
61            android:authorities="com.firstems.erp.droidninja.filepicker.provider"
61-->[com.droidninja:filepicker:2.2.4] AndroidManifest.xml:27:13-82
62            android:exported="false"
62-->[com.droidninja:filepicker:2.2.4] AndroidManifest.xml:28:13-37
63            android:grantUriPermissions="true" >
63-->[com.droidninja:filepicker:2.2.4] AndroidManifest.xml:29:13-47
64            <meta-data
64-->[com.droidninja:filepicker:2.2.4] AndroidManifest.xml:30:13-32:58
65                android:name="android.support.FILE_PROVIDER_PATHS"
65-->[com.droidninja:filepicker:2.2.4] AndroidManifest.xml:31:17-67
66                android:resource="@xml/provider_paths" />
66-->[com.droidninja:filepicker:2.2.4] AndroidManifest.xml:32:17-55
67        </provider>
68    </application>
69
70</manifest>